<?xml version="1.0" encoding="UTF-8"?>
<testsuite name="PlaceTest" tests="2" skipped="0" failures="0" errors="0" timestamp="2016-04-26T17:18:12" hostname="epicodus-92.local" time="0.0">
  <properties/>
  <testcase name="Place_instantiatesCorrectly_true" classname="PlaceTest" time="0.0"/>
  <testcase name="Place_instantiatesWithDescription_String" classname="PlaceTest" time="0.0"/>
  <system-out><![CDATA[]]></system-out>
  <system-err><![CDATA[]]></system-err>
</testsuite>
